

Microchip MPLAB XC8 Assembler V2.31 build 20201012212115 
                                                                                               Wed Feb 03 20:03:05 2021

Microchip MPLAB XC8 C Compiler v2.31 (Free license) build 20201012212115 Og1 
     1                           	processor	16F887
     2                           	pagewidth 120
     3                           	opt	flic
     4                           	psect	cinit,global,class=CODE,merge=1,delta=2
     5                           	psect	bssCOMMON,global,class=COMMON,space=1,delta=1,noexec
     6                           	psect	cstackCOMMON,global,class=COMMON,space=1,delta=1,noexec
     7                           	psect	cstackBANK0,global,class=BANK0,space=1,delta=1,noexec
     8                           	psect	maintext,global,class=CODE,split=1,delta=2
     9                           	psect	text1,local,class=CODE,merge=1,delta=2
    10                           	psect	text2,local,class=CODE,merge=1,delta=2
    11                           	psect	text3,local,class=CODE,merge=1,delta=2
    12                           	psect	text4,local,class=CODE,merge=1,delta=2
    13                           	psect	text5,local,class=CODE,merge=1,delta=2
    14                           	psect	intentry,global,class=CODE,delta=2
    15                           	psect	config,global,abs,ovrld,class=CONFIG,space=4,delta=2,noexec
    16                           	dabs	1,0x7E,2
    17  0000                     
    18                           ; Version 2.31
    19                           ; Generated 13/10/2020 GMT
    20                           ; 
    21                           ; Copyright © 2020, Microchip Technology Inc. and its subsidiaries ("Microchip")
    22                           ; All rights reserved.
    23                           ; 
    24                           ; This software is developed by Microchip Technology Inc. and its subsidiaries ("Microch
      +                          ip").
    25                           ; 
    26                           ; Redistribution and use in source and binary forms, with or without modification, are
    27                           ; permitted provided that the following conditions are met:
    28                           ; 
    29                           ;     1. Redistributions of source code must retain the above copyright notice, this lis
      +                          t of
    30                           ;        conditions and the following disclaimer.
    31                           ; 
    32                           ;     2. Redistributions in binary form must reproduce the above copyright notice, this 
      +                          list
    33                           ;        of conditions and the following disclaimer in the documentation and/or other
    34                           ;        materials provided with the distribution. Publication is not required when
    35                           ;        this file is used in an embedded application.
    36                           ; 
    37                           ;     3. Microchip's name may not be used to endorse or promote products derived from th
      +                          is
    38                           ;        software without specific prior written permission.
    39                           ; 
    40                           ; THIS SOFTWARE IS PROVIDED BY MICROCHIP "AS IS" AND ANY EXPRESS OR IMPLIED WARRANTIES,
    41                           ; INCLUDING, BUT NOT LIMITED TO, THE IMPLIED WARRANTIES OF MERCHANTABILITY AND FITNESS F
      +                          OR
    42                           ; PURPOSE ARE DISCLAIMED.  IN NO EVENT SHALL MICROCHIP BE LIABLE FOR ANY DIRECT, INDIREC
      +                          T,
    43                           ; INCIDENTAL, SPECIAL, EXEMPLARY, OR CONSEQUENTIAL DAMAGES (INCLUDING BUT NOT LIMITED TO
    44                           ; PROCUREMENT OF SUBSTITUTE GOODS OR SERVICES; LOSS OF USE, DATA OR PROFITS; OR BUSINESS
    45                           ; INTERRUPTION) HOWSOEVER CAUSED AND ON ANY THEORY OF LIABILITY, WHETHER IN CONTRACT, ST
      +                          RICT
    46                           ; LIABILITY, OR TORT (INCLUDING NEGLIGENCE OR OTHERWISE) ARISING IN ANY WAY OUT OF THE U
      +                          SE OF
    47                           ; THIS SOFTWARE, EVEN IF ADVISED OF THE POSSIBILITY OF SUCH DAMAGE.
    48                           ; 
    49                           ; 
    50                           ; Code-generator required, PIC16F887 Definitions
    51                           ; 
    52                           ; SFR Addresses
    53  0000                     	;# 
    54  0001                     	;# 
    55  0002                     	;# 
    56  0003                     	;# 
    57  0004                     	;# 
    58  0005                     	;# 
    59  0006                     	;# 
    60  0007                     	;# 
    61  0008                     	;# 
    62  0009                     	;# 
    63  000A                     	;# 
    64  000B                     	;# 
    65  000C                     	;# 
    66  000D                     	;# 
    67  000E                     	;# 
    68  000E                     	;# 
    69  000F                     	;# 
    70  0010                     	;# 
    71  0011                     	;# 
    72  0012                     	;# 
    73  0013                     	;# 
    74  0014                     	;# 
    75  0015                     	;# 
    76  0015                     	;# 
    77  0016                     	;# 
    78  0017                     	;# 
    79  0018                     	;# 
    80  0019                     	;# 
    81  001A                     	;# 
    82  001B                     	;# 
    83  001B                     	;# 
    84  001C                     	;# 
    85  001D                     	;# 
    86  001E                     	;# 
    87  001F                     	;# 
    88  0081                     	;# 
    89  0085                     	;# 
    90  0086                     	;# 
    91  0087                     	;# 
    92  0088                     	;# 
    93  0089                     	;# 
    94  008C                     	;# 
    95  008D                     	;# 
    96  008E                     	;# 
    97  008F                     	;# 
    98  0090                     	;# 
    99  0091                     	;# 
   100  0092                     	;# 
   101  0093                     	;# 
   102  0093                     	;# 
   103  0093                     	;# 
   104  0094                     	;# 
   105  0095                     	;# 
   106  0096                     	;# 
   107  0097                     	;# 
   108  0098                     	;# 
   109  0099                     	;# 
   110  009A                     	;# 
   111  009B                     	;# 
   112  009C                     	;# 
   113  009D                     	;# 
   114  009E                     	;# 
   115  009F                     	;# 
   116  0105                     	;# 
   117  0107                     	;# 
   118  0108                     	;# 
   119  0109                     	;# 
   120  010C                     	;# 
   121  010C                     	;# 
   122  010D                     	;# 
   123  010E                     	;# 
   124  010F                     	;# 
   125  0185                     	;# 
   126  0187                     	;# 
   127  0188                     	;# 
   128  0189                     	;# 
   129  018C                     	;# 
   130  018D                     	;# 
   131  0000                     	;# 
   132  0001                     	;# 
   133  0002                     	;# 
   134  0003                     	;# 
   135  0004                     	;# 
   136  0005                     	;# 
   137  0006                     	;# 
   138  0007                     	;# 
   139  0008                     	;# 
   140  0009                     	;# 
   141  000A                     	;# 
   142  000B                     	;# 
   143  000C                     	;# 
   144  000D                     	;# 
   145  000E                     	;# 
   146  000E                     	;# 
   147  000F                     	;# 
   148  0010                     	;# 
   149  0011                     	;# 
   150  0012                     	;# 
   151  0013                     	;# 
   152  0014                     	;# 
   153  0015                     	;# 
   154  0015                     	;# 
   155  0016                     	;# 
   156  0017                     	;# 
   157  0018                     	;# 
   158  0019                     	;# 
   159  001A                     	;# 
   160  001B                     	;# 
   161  001B                     	;# 
   162  001C                     	;# 
   163  001D                     	;# 
   164  001E                     	;# 
   165  001F                     	;# 
   166  0081                     	;# 
   167  0085                     	;# 
   168  0086                     	;# 
   169  0087                     	;# 
   170  0088                     	;# 
   171  0089                     	;# 
   172  008C                     	;# 
   173  008D                     	;# 
   174  008E                     	;# 
   175  008F                     	;# 
   176  0090                     	;# 
   177  0091                     	;# 
   178  0092                     	;# 
   179  0093                     	;# 
   180  0093                     	;# 
   181  0093                     	;# 
   182  0094                     	;# 
   183  0095                     	;# 
   184  0096                     	;# 
   185  0097                     	;# 
   186  0098                     	;# 
   187  0099                     	;# 
   188  009A                     	;# 
   189  009B                     	;# 
   190  009C                     	;# 
   191  009D                     	;# 
   192  009E                     	;# 
   193  009F                     	;# 
   194  0105                     	;# 
   195  0107                     	;# 
   196  0108                     	;# 
   197  0109                     	;# 
   198  010C                     	;# 
   199  010C                     	;# 
   200  010D                     	;# 
   201  010E                     	;# 
   202  010F                     	;# 
   203  0185                     	;# 
   204  0187                     	;# 
   205  0188                     	;# 
   206  0189                     	;# 
   207  018C                     	;# 
   208  018D                     	;# 
   209  0000                     	;# 
   210  0001                     	;# 
   211  0002                     	;# 
   212  0003                     	;# 
   213  0004                     	;# 
   214  0005                     	;# 
   215  0006                     	;# 
   216  0007                     	;# 
   217  0008                     	;# 
   218  0009                     	;# 
   219  000A                     	;# 
   220  000B                     	;# 
   221  000C                     	;# 
   222  000D                     	;# 
   223  000E                     	;# 
   224  000E                     	;# 
   225  000F                     	;# 
   226  0010                     	;# 
   227  0011                     	;# 
   228  0012                     	;# 
   229  0013                     	;# 
   230  0014                     	;# 
   231  0015                     	;# 
   232  0015                     	;# 
   233  0016                     	;# 
   234  0017                     	;# 
   235  0018                     	;# 
   236  0019                     	;# 
   237  001A                     	;# 
   238  001B                     	;# 
   239  001B                     	;# 
   240  001C                     	;# 
   241  001D                     	;# 
   242  001E                     	;# 
   243  001F                     	;# 
   244  0081                     	;# 
   245  0085                     	;# 
   246  0086                     	;# 
   247  0087                     	;# 
   248  0088                     	;# 
   249  0089                     	;# 
   250  008C                     	;# 
   251  008D                     	;# 
   252  008E                     	;# 
   253  008F                     	;# 
   254  0090                     	;# 
   255  0091                     	;# 
   256  0092                     	;# 
   257  0093                     	;# 
   258  0093                     	;# 
   259  0093                     	;# 
   260  0094                     	;# 
   261  0095                     	;# 
   262  0096                     	;# 
   263  0097                     	;# 
   264  0098                     	;# 
   265  0099                     	;# 
   266  009A                     	;# 
   267  009B                     	;# 
   268  009C                     	;# 
   269  009D                     	;# 
   270  009E                     	;# 
   271  009F                     	;# 
   272  0105                     	;# 
   273  0107                     	;# 
   274  0108                     	;# 
   275  0109                     	;# 
   276  010C                     	;# 
   277  010C                     	;# 
   278  010D                     	;# 
   279  010E                     	;# 
   280  010F                     	;# 
   281  0185                     	;# 
   282  0187                     	;# 
   283  0188                     	;# 
   284  0189                     	;# 
   285  018C                     	;# 
   286  018D                     	;# 
   287  000C                     _PIR1bits	set	12
   288  001F                     _ADCON0bits	set	31
   289  0009                     _PORTE	set	9
   290  0008                     _PORTD	set	8
   291  0007                     _PORTC	set	7
   292  0005                     _PORTA	set	5
   293  0066                     _ADIF	set	102
   294  009F                     _ADCON1bits	set	159
   295  008C                     _PIE1bits	set	140
   296  0086                     _TRISBbits	set	134
   297  0089                     _TRISE	set	137
   298  0088                     _TRISD	set	136
   299  0087                     _TRISC	set	135
   300  0085                     _TRISA	set	133
   301  0189                     _ANSELHbits	set	393
   302  0188                     _ANSELbits	set	392
   303  0189                     _ANSELH	set	393
   304  0188                     _ANSEL	set	392
   305                           
   306                           	psect	cinit
   307  000F                     start_initialization:	
   308                           ; #config settings
   309                           
   310  000F                     __initialization:
   311                           
   312                           ; Clear objects allocated to COMMON
   313  000F  01F0               	clrf	__pbssCOMMON& (0+127)
   314  0010  01F1               	clrf	(__pbssCOMMON+1)& (0+127)
   315  0011  01F2               	clrf	(__pbssCOMMON+2)& (0+127)
   316  0012  01F3               	clrf	(__pbssCOMMON+3)& (0+127)
   317  0013  01F4               	clrf	(__pbssCOMMON+4)& (0+127)
   318  0014  01F5               	clrf	(__pbssCOMMON+5)& (0+127)
   319  0015                     end_of_initialization:	
   320                           ;End of C runtime variable initialization code
   321                           
   322  0015                     __end_of__initialization:
   323  0015  0183               	clrf	3
   324  0016  120A  118A  29CE   	ljmp	_main	;jump to C main() function
   325                           
   326                           	psect	bssCOMMON
   327  0070                     __pbssCOMMON:
   328  0070                     _J2:
   329  0070                     	ds	2
   330  0072                     _J1:
   331  0072                     	ds	2
   332  0074                     _start:
   333  0074                     	ds	2
   334                           
   335                           	psect	cstackCOMMON
   336  0076                     __pcstackCOMMON:
   337  0076                     ?_configuracion:
   338  0076                     ?_start_ch:	
   339                           ; 1 bytes @ 0x0
   340                           
   341  0076                     ?_Select_ch:	
   342                           ; 1 bytes @ 0x0
   343                           
   344  0076                     ?_ISR:	
   345                           ; 1 bytes @ 0x0
   346                           
   347  0076                     ??_ISR:	
   348                           ; 1 bytes @ 0x0
   349                           
   350  0076                     ?_main:	
   351                           ; 1 bytes @ 0x0
   352                           
   353                           
   354                           ; 1 bytes @ 0x0
   355  0076                     	ds	2
   356  0078                     ?_start_adc:
   357  0078                     ??_start_ch:	
   358                           ; 1 bytes @ 0x2
   359                           
   360  0078                     ??_Select_ch:	
   361                           ; 1 bytes @ 0x2
   362                           
   363  0078                     start_adc@isr:	
   364                           ; 1 bytes @ 0x2
   365                           
   366                           
   367                           ; 1 bytes @ 0x2
   368  0078                     	ds	1
   369  0079                     start_adc@Vref:
   370                           
   371                           ; 1 bytes @ 0x3
   372  0079                     	ds	1
   373  007A                     start_adc@justRL:
   374  007A                     start_ch@channel:	
   375                           ; 1 bytes @ 0x4
   376                           
   377  007A                     Select_ch@channel:	
   378                           ; 1 bytes @ 0x4
   379                           
   380                           
   381                           ; 1 bytes @ 0x4
   382  007A                     	ds	1
   383  007B                     start_adc@frec:
   384                           
   385                           ; 1 bytes @ 0x5
   386  007B                     	ds	1
   387  007C                     ??_configuracion:
   388  007C                     ??_main:	
   389                           ; 1 bytes @ 0x6
   390                           
   391                           
   392                           	psect	cstackBANK0
   393  0020                     __pcstackBANK0:	
   394                           ; 1 bytes @ 0x6
   395                           
   396  0020                     ??_start_adc:
   397                           
   398                           ; 1 bytes @ 0x0
   399  0020                     	ds	2
   400                           
   401                           	psect	maintext
   402  01CE                     __pmaintext:	
   403 ;;
   404 ;;Main: autosize = 0, tempsize = 0, incstack = 0, save=0
   405 ;;
   406 ;; *************** function _main *****************
   407 ;; Defined at:
   408 ;;		line 40 in file "lab_2.c"
   409 ;; Parameters:    Size  Location     Type
   410 ;;		None
   411 ;; Auto vars:     Size  Location     Type
   412 ;;		None
   413 ;; Return value:  Size  Location     Type
   414 ;;                  1    wreg      void 
   415 ;; Registers used:
   416 ;;		wreg, fsr0l, fsr0h, status,2, status,0, pclath, cstack
   417 ;; Tracked objects:
   418 ;;		On entry : B00/0
   419 ;;		On exit  : 0/0
   420 ;;		Unchanged: 0/0
   421 ;; Data sizes:     COMMON   BANK0   BANK1   BANK3   BANK2
   422 ;;      Params:         0       0       0       0       0
   423 ;;      Locals:         0       0       0       0       0
   424 ;;      Temps:          0       0       0       0       0
   425 ;;      Totals:         0       0       0       0       0
   426 ;;Total ram usage:        0 bytes
   427 ;; Hardware stack levels required when called:    3
   428 ;; This function calls:
   429 ;;		_configuracion
   430 ;; This function is called by:
   431 ;;		Startup code after reset
   432 ;; This function uses a non-reentrant model
   433 ;;
   434                           
   435                           
   436                           ;psect for function _main
   437  01CE                     _main:
   438  01CE                     l1068:	
   439                           ;incstack = 0
   440                           ; Regs used in _main: [wreg-fsr0h+status,2+status,0+pclath+cstack]
   441                           
   442  01CE  120A  118A  21A4  120A  118A  	fcall	_configuracion
   443  01D3                     l49:
   444  01D3  120A  118A  280C   	ljmp	start
   445  01D6                     __end_of_main:
   446                           
   447                           	psect	text1
   448  01A4                     __ptext1:	
   449 ;; *************** function _configuracion *****************
   450 ;; Defined at:
   451 ;;		line 43 in file "lab_2.c"
   452 ;; Parameters:    Size  Location     Type
   453 ;;		None
   454 ;; Auto vars:     Size  Location     Type
   455 ;;		None
   456 ;; Return value:  Size  Location     Type
   457 ;;                  1    wreg      void 
   458 ;; Registers used:
   459 ;;		wreg, fsr0l, fsr0h, status,2, status,0, pclath, cstack
   460 ;; Tracked objects:
   461 ;;		On entry : 0/0
   462 ;;		On exit  : 0/0
   463 ;;		Unchanged: 0/0
   464 ;; Data sizes:     COMMON   BANK0   BANK1   BANK3   BANK2
   465 ;;      Params:         0       0       0       0       0
   466 ;;      Locals:         0       0       0       0       0
   467 ;;      Temps:          0       0       0       0       0
   468 ;;      Totals:         0       0       0       0       0
   469 ;;Total ram usage:        0 bytes
   470 ;; Hardware stack levels used:    1
   471 ;; Hardware stack levels required when called:    2
   472 ;; This function calls:
   473 ;;		_Select_ch
   474 ;;		_start_adc
   475 ;;		_start_ch
   476 ;; This function is called by:
   477 ;;		_main
   478 ;; This function uses a non-reentrant model
   479 ;;
   480                           
   481                           
   482                           ;psect for function _configuracion
   483  01A4                     _configuracion:
   484  01A4                     l1038:	
   485                           ;incstack = 0
   486                           ; Regs used in _configuracion: [wreg-fsr0h+status,2+status,0+pclath+cstack]
   487                           
   488  01A4  1683               	bsf	3,5	;RP0=1, select bank3
   489  01A5  1703               	bsf	3,6	;RP1=1, select bank3
   490  01A6  0188               	clrf	8	;volatile
   491  01A7  0189               	clrf	9	;volatile
   492  01A8                     l1040:
   493  01A8  01F8               	clrf	start_adc@isr
   494  01A9  0AF8               	incf	start_adc@isr,f
   495  01AA  01F9               	clrf	start_adc@Vref
   496  01AB  01FA               	clrf	start_adc@justRL
   497  01AC  3002               	movlw	2
   498  01AD  120A  118A  2138  120A  118A  	fcall	_start_adc
   499  01B2                     l1042:
   500  01B2  3008               	movlw	8
   501  01B3  120A  118A  20C9  120A  118A  	fcall	_start_ch
   502  01B8                     l1044:
   503  01B8  3008               	movlw	8
   504  01B9  120A  118A  2019  120A  118A  	fcall	_Select_ch
   505  01BE                     l1046:
   506  01BE  1683               	bsf	3,5	;RP0=1, select bank1
   507  01BF  1303               	bcf	3,6	;RP1=0, select bank1
   508  01C0  0185               	clrf	5	;volatile
   509  01C1                     l1048:
   510  01C1  0187               	clrf	7	;volatile
   511  01C2                     l1050:
   512  01C2  0188               	clrf	8	;volatile
   513  01C3                     l1052:
   514  01C3  0189               	clrf	9	;volatile
   515  01C4                     l1054:
   516  01C4  1406               	bsf	6,0	;volatile
   517  01C5                     l1056:
   518  01C5  1486               	bsf	6,1	;volatile
   519  01C6                     l1058:
   520  01C6  1506               	bsf	6,2	;volatile
   521  01C7                     l1060:
   522  01C7  1283               	bcf	3,5	;RP0=0, select bank0
   523  01C8  1303               	bcf	3,6	;RP1=0, select bank0
   524  01C9  0185               	clrf	5	;volatile
   525  01CA                     l1062:
   526  01CA  0187               	clrf	7	;volatile
   527  01CB                     l1064:
   528  01CB  0188               	clrf	8	;volatile
   529  01CC                     l1066:
   530  01CC  0189               	clrf	9	;volatile
   531  01CD                     l52:
   532  01CD  0008               	return
   533  01CE                     __end_of_configuracion:
   534                           
   535                           	psect	text2
   536  00C9                     __ptext2:	
   537 ;; *************** function _start_ch *****************
   538 ;; Defined at:
   539 ;;		line 52 in file "ADC_LIB.c"
   540 ;; Parameters:    Size  Location     Type
   541 ;;  channel         1    wreg     unsigned char 
   542 ;; Auto vars:     Size  Location     Type
   543 ;;  channel         1    4[COMMON] unsigned char 
   544 ;; Return value:  Size  Location     Type
   545 ;;                  1    wreg      void 
   546 ;; Registers used:
   547 ;;		wreg, fsr0l, fsr0h, status,2, status,0
   548 ;; Tracked objects:
   549 ;;		On entry : 0/0
   550 ;;		On exit  : 0/0
   551 ;;		Unchanged: 0/0
   552 ;; Data sizes:     COMMON   BANK0   BANK1   BANK3   BANK2
   553 ;;      Params:         0       0       0       0       0
   554 ;;      Locals:         1       0       0       0       0
   555 ;;      Temps:          2       0       0       0       0
   556 ;;      Totals:         3       0       0       0       0
   557 ;;Total ram usage:        3 bytes
   558 ;; Hardware stack levels used:    1
   559 ;; Hardware stack levels required when called:    1
   560 ;; This function calls:
   561 ;;		Nothing
   562 ;; This function is called by:
   563 ;;		_configuracion
   564 ;; This function uses a non-reentrant model
   565 ;;
   566                           
   567                           
   568                           ;psect for function _start_ch
   569  00C9                     _start_ch:
   570                           
   571                           ;incstack = 0
   572                           ; Regs used in _start_ch: [wreg-fsr0h+status,2+status,0]
   573                           ;start_ch@channel stored from wreg
   574  00C9  00FA               	movwf	start_ch@channel
   575  00CA                     l740:
   576                           
   577                           ;ADC_LIB.c: 53:     switch (channel) {
   578  00CA  2903               	goto	l744
   579  00CB                     l86:	
   580                           ;ADC_LIB.c: 54:         case 0:
   581                           
   582                           
   583                           ;ADC_LIB.c: 55:             ANSELbits.ANS0 = 1;
   584  00CB  1683               	bsf	3,5	;RP0=1, select bank3
   585  00CC  1703               	bsf	3,6	;RP1=1, select bank3
   586  00CD  1408               	bsf	8,0	;volatile
   587                           
   588                           ;ADC_LIB.c: 56:             break;
   589  00CE  2937               	goto	l101
   590  00CF                     l88:	
   591                           ;ADC_LIB.c: 57:         case 1:
   592                           
   593                           
   594                           ;ADC_LIB.c: 58:             ANSELbits.ANS1 = 1;
   595  00CF  1683               	bsf	3,5	;RP0=1, select bank3
   596  00D0  1703               	bsf	3,6	;RP1=1, select bank3
   597  00D1  1488               	bsf	8,1	;volatile
   598                           
   599                           ;ADC_LIB.c: 59:             break;
   600  00D2  2937               	goto	l101
   601  00D3                     l89:	
   602                           ;ADC_LIB.c: 60:         case 2:
   603                           
   604                           
   605                           ;ADC_LIB.c: 61:             ANSELbits.ANS2 = 1;
   606  00D3  1683               	bsf	3,5	;RP0=1, select bank3
   607  00D4  1703               	bsf	3,6	;RP1=1, select bank3
   608  00D5  1508               	bsf	8,2	;volatile
   609                           
   610                           ;ADC_LIB.c: 62:             break;
   611  00D6  2937               	goto	l101
   612  00D7                     l90:	
   613                           ;ADC_LIB.c: 63:         case 3:
   614                           
   615                           
   616                           ;ADC_LIB.c: 64:             ANSELbits.ANS3 = 1;
   617  00D7  1683               	bsf	3,5	;RP0=1, select bank3
   618  00D8  1703               	bsf	3,6	;RP1=1, select bank3
   619  00D9  1588               	bsf	8,3	;volatile
   620                           
   621                           ;ADC_LIB.c: 65:             break;
   622  00DA  2937               	goto	l101
   623  00DB                     l91:	
   624                           ;ADC_LIB.c: 66:         case 4:
   625                           
   626                           
   627                           ;ADC_LIB.c: 67:             ANSELbits.ANS4 = 1;
   628  00DB  1683               	bsf	3,5	;RP0=1, select bank3
   629  00DC  1703               	bsf	3,6	;RP1=1, select bank3
   630  00DD  1608               	bsf	8,4	;volatile
   631                           
   632                           ;ADC_LIB.c: 68:             break;
   633  00DE  2937               	goto	l101
   634  00DF                     l92:	
   635                           ;ADC_LIB.c: 69:         case 5:
   636                           
   637                           
   638                           ;ADC_LIB.c: 70:             ANSELbits.ANS5 = 1;
   639  00DF  1683               	bsf	3,5	;RP0=1, select bank3
   640  00E0  1703               	bsf	3,6	;RP1=1, select bank3
   641  00E1  1688               	bsf	8,5	;volatile
   642                           
   643                           ;ADC_LIB.c: 71:             break;
   644  00E2  2937               	goto	l101
   645  00E3                     l93:	
   646                           ;ADC_LIB.c: 72:         case 6:
   647                           
   648                           
   649                           ;ADC_LIB.c: 73:             ANSELbits.ANS6 = 1;
   650  00E3  1683               	bsf	3,5	;RP0=1, select bank3
   651  00E4  1703               	bsf	3,6	;RP1=1, select bank3
   652  00E5  1708               	bsf	8,6	;volatile
   653                           
   654                           ;ADC_LIB.c: 74:             break;
   655  00E6  2937               	goto	l101
   656  00E7                     l94:	
   657                           ;ADC_LIB.c: 75:         case 7:
   658                           
   659                           
   660                           ;ADC_LIB.c: 76:             ANSELbits.ANS7 = 1;
   661  00E7  1683               	bsf	3,5	;RP0=1, select bank3
   662  00E8  1703               	bsf	3,6	;RP1=1, select bank3
   663  00E9  1788               	bsf	8,7	;volatile
   664                           
   665                           ;ADC_LIB.c: 77:             break;
   666  00EA  2937               	goto	l101
   667  00EB                     l95:	
   668                           ;ADC_LIB.c: 78:         case 8:
   669                           
   670                           
   671                           ;ADC_LIB.c: 79:             ANSELHbits.ANS8 = 1;
   672  00EB  1683               	bsf	3,5	;RP0=1, select bank3
   673  00EC  1703               	bsf	3,6	;RP1=1, select bank3
   674  00ED  1409               	bsf	9,0	;volatile
   675                           
   676                           ;ADC_LIB.c: 80:             break;
   677  00EE  2937               	goto	l101
   678  00EF                     l96:	
   679                           ;ADC_LIB.c: 81:         case 9:
   680                           
   681                           
   682                           ;ADC_LIB.c: 82:             ANSELHbits.ANS9 = 1;
   683  00EF  1683               	bsf	3,5	;RP0=1, select bank3
   684  00F0  1703               	bsf	3,6	;RP1=1, select bank3
   685  00F1  1489               	bsf	9,1	;volatile
   686                           
   687                           ;ADC_LIB.c: 83:             break;
   688  00F2  2937               	goto	l101
   689  00F3                     l97:	
   690                           ;ADC_LIB.c: 84:         case 10:
   691                           
   692                           
   693                           ;ADC_LIB.c: 85:             ANSELHbits.ANS10 = 1;
   694  00F3  1683               	bsf	3,5	;RP0=1, select bank3
   695  00F4  1703               	bsf	3,6	;RP1=1, select bank3
   696  00F5  1509               	bsf	9,2	;volatile
   697                           
   698                           ;ADC_LIB.c: 86:             break;
   699  00F6  2937               	goto	l101
   700  00F7                     l98:	
   701                           ;ADC_LIB.c: 87:         case 11:
   702                           
   703                           
   704                           ;ADC_LIB.c: 88:             ANSELHbits.ANS11 = 1;
   705  00F7  1683               	bsf	3,5	;RP0=1, select bank3
   706  00F8  1703               	bsf	3,6	;RP1=1, select bank3
   707  00F9  1589               	bsf	9,3	;volatile
   708                           
   709                           ;ADC_LIB.c: 89:             break;
   710  00FA  2937               	goto	l101
   711  00FB                     l99:	
   712                           ;ADC_LIB.c: 90:         case 12:
   713                           
   714                           
   715                           ;ADC_LIB.c: 91:             ANSELHbits.ANS12 = 1;
   716  00FB  1683               	bsf	3,5	;RP0=1, select bank3
   717  00FC  1703               	bsf	3,6	;RP1=1, select bank3
   718  00FD  1609               	bsf	9,4	;volatile
   719                           
   720                           ;ADC_LIB.c: 92:             break;
   721  00FE  2937               	goto	l101
   722  00FF                     l100:	
   723                           ;ADC_LIB.c: 93:         case 13:
   724                           
   725                           
   726                           ;ADC_LIB.c: 94:             ANSELHbits.ANS13 = 1;
   727  00FF  1683               	bsf	3,5	;RP0=1, select bank3
   728  0100  1703               	bsf	3,6	;RP1=1, select bank3
   729  0101  1689               	bsf	9,5	;volatile
   730                           
   731                           ;ADC_LIB.c: 95:             break;
   732  0102  2937               	goto	l101
   733  0103                     l744:
   734  0103  087A               	movf	start_ch@channel,w
   735  0104  00F8               	movwf	??_start_ch
   736  0105  01F9               	clrf	??_start_ch+1
   737                           
   738                           ; Switch on 2 bytes has been partitioned into a top level switch of size 1, and 1 sub-sw
      +                          itches
   739                           ; Switch size 1, requested type "simple"
   740                           ; Number of cases is 1, Range of values is 0 to 0
   741                           ; switch strategies available:
   742                           ; Name         Instructions Cycles
   743                           ; simple_byte            4     3 (average)
   744                           ; direct_byte           11     8 (fixed)
   745                           ; jumptable            260     6 (fixed)
   746                           ;	Chosen strategy is simple_byte
   747  0106  0879               	movf	??_start_ch+1,w
   748  0107  3A00               	xorlw	0	; case 0
   749  0108  1903               	skipnz
   750  0109  290B               	goto	l1150
   751  010A  2937               	goto	l101
   752  010B                     l1150:
   753                           
   754                           ; Switch size 1, requested type "simple"
   755                           ; Number of cases is 14, Range of values is 0 to 13
   756                           ; switch strategies available:
   757                           ; Name         Instructions Cycles
   758                           ; simple_byte           43    22 (average)
   759                           ; direct_byte           50     8 (fixed)
   760                           ; jumptable            260     6 (fixed)
   761                           ;	Chosen strategy is simple_byte
   762  010B  0878               	movf	??_start_ch,w
   763  010C  3A00               	xorlw	0	; case 0
   764  010D  1903               	skipnz
   765  010E  28CB               	goto	l86
   766  010F  3A01               	xorlw	1	; case 1
   767  0110  1903               	skipnz
   768  0111  28CF               	goto	l88
   769  0112  3A03               	xorlw	3	; case 2
   770  0113  1903               	skipnz
   771  0114  28D3               	goto	l89
   772  0115  3A01               	xorlw	1	; case 3
   773  0116  1903               	skipnz
   774  0117  28D7               	goto	l90
   775  0118  3A07               	xorlw	7	; case 4
   776  0119  1903               	skipnz
   777  011A  28DB               	goto	l91
   778  011B  3A01               	xorlw	1	; case 5
   779  011C  1903               	skipnz
   780  011D  28DF               	goto	l92
   781  011E  3A03               	xorlw	3	; case 6
   782  011F  1903               	skipnz
   783  0120  28E3               	goto	l93
   784  0121  3A01               	xorlw	1	; case 7
   785  0122  1903               	skipnz
   786  0123  28E7               	goto	l94
   787  0124  3A0F               	xorlw	15	; case 8
   788  0125  1903               	skipnz
   789  0126  28EB               	goto	l95
   790  0127  3A01               	xorlw	1	; case 9
   791  0128  1903               	skipnz
   792  0129  28EF               	goto	l96
   793  012A  3A03               	xorlw	3	; case 10
   794  012B  1903               	skipnz
   795  012C  28F3               	goto	l97
   796  012D  3A01               	xorlw	1	; case 11
   797  012E  1903               	skipnz
   798  012F  28F7               	goto	l98
   799  0130  3A07               	xorlw	7	; case 12
   800  0131  1903               	skipnz
   801  0132  28FB               	goto	l99
   802  0133  3A01               	xorlw	1	; case 13
   803  0134  1903               	skipnz
   804  0135  28FF               	goto	l100
   805  0136  2937               	goto	l101
   806  0137                     l101:
   807  0137  0008               	return
   808  0138                     __end_of_start_ch:
   809                           
   810                           	psect	text3
   811  0138                     __ptext3:	
   812 ;; *************** function _start_adc *****************
   813 ;; Defined at:
   814 ;;		line 3 in file "ADC_LIB.c"
   815 ;; Parameters:    Size  Location     Type
   816 ;;  frec            1    wreg     unsigned char 
   817 ;;  isr             1    2[COMMON] unsigned char 
   818 ;;  Vref            1    3[COMMON] unsigned char 
   819 ;;  justRL          1    4[COMMON] unsigned char 
   820 ;; Auto vars:     Size  Location     Type
   821 ;;  frec            1    5[COMMON] unsigned char 
   822 ;; Return value:  Size  Location     Type
   823 ;;                  1    wreg      void 
   824 ;; Registers used:
   825 ;;		wreg, fsr0l, fsr0h, status,2, status,0
   826 ;; Tracked objects:
   827 ;;		On entry : 0/0
   828 ;;		On exit  : 0/0
   829 ;;		Unchanged: 0/0
   830 ;; Data sizes:     COMMON   BANK0   BANK1   BANK3   BANK2
   831 ;;      Params:         3       0       0       0       0
   832 ;;      Locals:         1       0       0       0       0
   833 ;;      Temps:          0       2       0       0       0
   834 ;;      Totals:         4       2       0       0       0
   835 ;;Total ram usage:        6 bytes
   836 ;; Hardware stack levels used:    1
   837 ;; Hardware stack levels required when called:    1
   838 ;; This function calls:
   839 ;;		Nothing
   840 ;; This function is called by:
   841 ;;		_configuracion
   842 ;; This function uses a non-reentrant model
   843 ;;
   844                           
   845                           
   846                           ;psect for function _start_adc
   847  0138                     _start_adc:
   848                           
   849                           ;incstack = 0
   850                           ; Regs used in _start_adc: [wreg-fsr0h+status,2+status,0]
   851                           ;start_adc@frec stored from wreg
   852  0138  00FB               	movwf	start_adc@frec
   853  0139                     l1012:
   854                           
   855                           ;ADC_LIB.c: 4:     ADCON0bits.ADON = 1;
   856  0139  1283               	bcf	3,5	;RP0=0, select bank0
   857  013A  1303               	bcf	3,6	;RP1=0, select bank0
   858  013B  141F               	bsf	31,0	;volatile
   859                           
   860                           ;ADC_LIB.c: 5:     switch (frec) {
   861  013C  2949               	goto	l1016
   862  013D                     l68:	
   863                           ;ADC_LIB.c: 6:         case 1:
   864                           
   865                           
   866                           ;ADC_LIB.c: 7:             ADCON0bits.ADCS0 = 0;
   867  013D  131F               	bcf	31,6	;volatile
   868                           
   869                           ;ADC_LIB.c: 8:             ADCON0bits.ADCS1 = 0;
   870  013E  139F               	bcf	31,7	;volatile
   871                           
   872                           ;ADC_LIB.c: 9:             break;
   873  013F  295F               	goto	l1018
   874  0140                     l70:	
   875                           ;ADC_LIB.c: 10:         case 2:
   876                           
   877                           
   878                           ;ADC_LIB.c: 11:             ADCON0bits.ADCS0 = 1;
   879  0140  171F               	bsf	31,6	;volatile
   880                           
   881                           ;ADC_LIB.c: 12:             ADCON0bits.ADCS1 = 0;
   882  0141  139F               	bcf	31,7	;volatile
   883                           
   884                           ;ADC_LIB.c: 13:             break;
   885  0142  295F               	goto	l1018
   886  0143                     l71:	
   887                           ;ADC_LIB.c: 14:         case 3:
   888                           
   889                           
   890                           ;ADC_LIB.c: 15:             ADCON0bits.ADCS0 = 0;
   891  0143  131F               	bcf	31,6	;volatile
   892                           
   893                           ;ADC_LIB.c: 16:             ADCON0bits.ADCS1 = 1;
   894  0144  179F               	bsf	31,7	;volatile
   895                           
   896                           ;ADC_LIB.c: 17:             break;
   897  0145  295F               	goto	l1018
   898  0146                     l72:	
   899                           ;ADC_LIB.c: 18:         case 4:
   900                           
   901                           
   902                           ;ADC_LIB.c: 19:             ADCON0bits.ADCS0 = 1;
   903  0146  171F               	bsf	31,6	;volatile
   904                           
   905                           ;ADC_LIB.c: 20:             ADCON0bits.ADCS1 = 1;
   906  0147  179F               	bsf	31,7	;volatile
   907                           
   908                           ;ADC_LIB.c: 21:             break;
   909  0148  295F               	goto	l1018
   910  0149                     l1016:
   911  0149  087B               	movf	start_adc@frec,w
   912  014A  00A0               	movwf	??_start_adc
   913  014B  01A1               	clrf	??_start_adc+1
   914                           
   915                           ; Switch on 2 bytes has been partitioned into a top level switch of size 1, and 1 sub-sw
      +                          itches
   916                           ; Switch size 1, requested type "simple"
   917                           ; Number of cases is 1, Range of values is 0 to 0
   918                           ; switch strategies available:
   919                           ; Name         Instructions Cycles
   920                           ; simple_byte            4     3 (average)
   921                           ; direct_byte           11     8 (fixed)
   922                           ; jumptable            260     6 (fixed)
   923                           ;	Chosen strategy is simple_byte
   924  014C  0821               	movf	??_start_adc+1,w
   925  014D  3A00               	xorlw	0	; case 0
   926  014E  1903               	skipnz
   927  014F  2951               	goto	l1152
   928  0150  295F               	goto	l1018
   929  0151                     l1152:
   930                           
   931                           ; Switch size 1, requested type "simple"
   932                           ; Number of cases is 4, Range of values is 1 to 4
   933                           ; switch strategies available:
   934                           ; Name         Instructions Cycles
   935                           ; simple_byte           13     7 (average)
   936                           ; direct_byte           23    11 (fixed)
   937                           ; jumptable            263     9 (fixed)
   938                           ;	Chosen strategy is simple_byte
   939  0151  0820               	movf	??_start_adc,w
   940  0152  3A01               	xorlw	1	; case 1
   941  0153  1903               	skipnz
   942  0154  293D               	goto	l68
   943  0155  3A03               	xorlw	3	; case 2
   944  0156  1903               	skipnz
   945  0157  2940               	goto	l70
   946  0158  3A01               	xorlw	1	; case 3
   947  0159  1903               	skipnz
   948  015A  2943               	goto	l71
   949  015B  3A07               	xorlw	7	; case 4
   950  015C  1903               	skipnz
   951  015D  2946               	goto	l72
   952  015E  295F               	goto	l1018
   953  015F                     l1018:
   954                           
   955                           ;ADC_LIB.c: 23:     if (isr == 1) {
   956  015F  0378               	decf	start_adc@isr,w
   957  0160  1D03               	btfss	3,2
   958  0161  2963               	goto	u51
   959  0162  2964               	goto	u50
   960  0163                     u51:
   961  0163  296A               	goto	l1022
   962  0164                     u50:
   963  0164                     l1020:
   964                           
   965                           ;ADC_LIB.c: 24:         PIE1bits.ADIE = 1;
   966  0164  1683               	bsf	3,5	;RP0=1, select bank1
   967  0165  1303               	bcf	3,6	;RP1=0, select bank1
   968  0166  170C               	bsf	12,6	;volatile
   969                           
   970                           ;ADC_LIB.c: 25:         PIR1bits.ADIF = 0;
   971  0167  1283               	bcf	3,5	;RP0=0, select bank0
   972  0168  1303               	bcf	3,6	;RP1=0, select bank0
   973  0169  130C               	bcf	12,6	;volatile
   974  016A                     l1022:
   975                           
   976                           ;ADC_LIB.c: 27:     if (justRL == 0) {
   977  016A  087A               	movf	start_adc@justRL,w
   978  016B  1D03               	btfss	3,2
   979  016C  296E               	goto	u61
   980  016D  296F               	goto	u60
   981  016E                     u61:
   982  016E  2973               	goto	l74
   983  016F                     u60:
   984  016F                     l1024:
   985                           
   986                           ;ADC_LIB.c: 28:         ADCON1bits.ADFM = 0;
   987  016F  1683               	bsf	3,5	;RP0=1, select bank1
   988  0170  1303               	bcf	3,6	;RP1=0, select bank1
   989  0171  139F               	bcf	31,7	;volatile
   990                           
   991                           ;ADC_LIB.c: 29:     } else {
   992  0172  298B               	goto	l1028
   993  0173                     l74:
   994                           
   995                           ;ADC_LIB.c: 30:         ADCON1bits.ADFM = 1;
   996  0173  1683               	bsf	3,5	;RP0=1, select bank1
   997  0174  1303               	bcf	3,6	;RP1=0, select bank1
   998  0175  179F               	bsf	31,7	;volatile
   999  0176  298B               	goto	l1028
  1000  0177                     l77:	
  1001                           ;ADC_LIB.c: 33:         case 0:
  1002                           
  1003                           
  1004                           ;ADC_LIB.c: 34:             ADCON1bits.VCFG0 = 0;
  1005  0177  1683               	bsf	3,5	;RP0=1, select bank1
  1006  0178  1303               	bcf	3,6	;RP1=0, select bank1
  1007  0179  121F               	bcf	31,4	;volatile
  1008                           
  1009                           ;ADC_LIB.c: 35:             ADCON1bits.VCFG1 = 0;
  1010  017A  129F               	bcf	31,5	;volatile
  1011                           
  1012                           ;ADC_LIB.c: 36:             break;
  1013  017B  29A3               	goto	l82
  1014  017C                     l79:	
  1015                           ;ADC_LIB.c: 37:         case 1:
  1016                           
  1017                           
  1018                           ;ADC_LIB.c: 38:             ADCON1bits.VCFG0 = 1;
  1019  017C  1683               	bsf	3,5	;RP0=1, select bank1
  1020  017D  1303               	bcf	3,6	;RP1=0, select bank1
  1021  017E  161F               	bsf	31,4	;volatile
  1022                           
  1023                           ;ADC_LIB.c: 39:             ADCON1bits.VCFG1 = 0;
  1024  017F  129F               	bcf	31,5	;volatile
  1025                           
  1026                           ;ADC_LIB.c: 40:             break;
  1027  0180  29A3               	goto	l82
  1028  0181                     l80:	
  1029                           ;ADC_LIB.c: 41:         case 2:
  1030                           
  1031                           
  1032                           ;ADC_LIB.c: 42:             ADCON1bits.VCFG0 = 0;
  1033  0181  1683               	bsf	3,5	;RP0=1, select bank1
  1034  0182  1303               	bcf	3,6	;RP1=0, select bank1
  1035  0183  121F               	bcf	31,4	;volatile
  1036                           
  1037                           ;ADC_LIB.c: 43:             ADCON1bits.VCFG1 = 1;
  1038  0184  169F               	bsf	31,5	;volatile
  1039                           
  1040                           ;ADC_LIB.c: 44:             break;
  1041  0185  29A3               	goto	l82
  1042  0186                     l81:	
  1043                           ;ADC_LIB.c: 45:         case 3:
  1044                           
  1045                           
  1046                           ;ADC_LIB.c: 46:             ADCON1bits.VCFG0 = 1;
  1047  0186  1683               	bsf	3,5	;RP0=1, select bank1
  1048  0187  1303               	bcf	3,6	;RP1=0, select bank1
  1049  0188  161F               	bsf	31,4	;volatile
  1050                           
  1051                           ;ADC_LIB.c: 47:             ADCON1bits.VCFG1 = 1;
  1052  0189  169F               	bsf	31,5	;volatile
  1053                           
  1054                           ;ADC_LIB.c: 48:             break;
  1055  018A  29A3               	goto	l82
  1056  018B                     l1028:
  1057  018B  0879               	movf	start_adc@Vref,w
  1058  018C  1283               	bcf	3,5	;RP0=0, select bank0
  1059  018D  1303               	bcf	3,6	;RP1=0, select bank0
  1060  018E  00A0               	movwf	??_start_adc
  1061  018F  01A1               	clrf	??_start_adc+1
  1062                           
  1063                           ; Switch on 2 bytes has been partitioned into a top level switch of size 1, and 1 sub-sw
      +                          itches
  1064                           ; Switch size 1, requested type "simple"
  1065                           ; Number of cases is 1, Range of values is 0 to 0
  1066                           ; switch strategies available:
  1067                           ; Name         Instructions Cycles
  1068                           ; simple_byte            4     3 (average)
  1069                           ; direct_byte           11     8 (fixed)
  1070                           ; jumptable            260     6 (fixed)
  1071                           ;	Chosen strategy is simple_byte
  1072  0190  0821               	movf	??_start_adc+1,w
  1073  0191  3A00               	xorlw	0	; case 0
  1074  0192  1903               	skipnz
  1075  0193  2995               	goto	l1154
  1076  0194  29A3               	goto	l82
  1077  0195                     l1154:
  1078                           
  1079                           ; Switch size 1, requested type "simple"
  1080                           ; Number of cases is 4, Range of values is 0 to 3
  1081                           ; switch strategies available:
  1082                           ; Name         Instructions Cycles
  1083                           ; simple_byte           13     7 (average)
  1084                           ; direct_byte           20     8 (fixed)
  1085                           ; jumptable            260     6 (fixed)
  1086                           ;	Chosen strategy is simple_byte
  1087  0195  0820               	movf	??_start_adc,w
  1088  0196  3A00               	xorlw	0	; case 0
  1089  0197  1903               	skipnz
  1090  0198  2977               	goto	l77
  1091  0199  3A01               	xorlw	1	; case 1
  1092  019A  1903               	skipnz
  1093  019B  297C               	goto	l79
  1094  019C  3A03               	xorlw	3	; case 2
  1095  019D  1903               	skipnz
  1096  019E  2981               	goto	l80
  1097  019F  3A01               	xorlw	1	; case 3
  1098  01A0  1903               	skipnz
  1099  01A1  2986               	goto	l81
  1100  01A2  29A3               	goto	l82
  1101  01A3                     l82:
  1102  01A3  0008               	return
  1103  01A4                     __end_of_start_adc:
  1104                           
  1105                           	psect	text4
  1106  0019                     __ptext4:	
  1107 ;; *************** function _Select_ch *****************
  1108 ;; Defined at:
  1109 ;;		line 99 in file "ADC_LIB.c"
  1110 ;; Parameters:    Size  Location     Type
  1111 ;;  channel         1    wreg     unsigned char 
  1112 ;; Auto vars:     Size  Location     Type
  1113 ;;  channel         1    4[COMMON] unsigned char 
  1114 ;; Return value:  Size  Location     Type
  1115 ;;                  1    wreg      void 
  1116 ;; Registers used:
  1117 ;;		wreg, fsr0l, fsr0h, status,2, status,0
  1118 ;; Tracked objects:
  1119 ;;		On entry : 0/0
  1120 ;;		On exit  : 0/0
  1121 ;;		Unchanged: 0/0
  1122 ;; Data sizes:     COMMON   BANK0   BANK1   BANK3   BANK2
  1123 ;;      Params:         0       0       0       0       0
  1124 ;;      Locals:         1       0       0       0       0
  1125 ;;      Temps:          2       0       0       0       0
  1126 ;;      Totals:         3       0       0       0       0
  1127 ;;Total ram usage:        3 bytes
  1128 ;; Hardware stack levels used:    1
  1129 ;; Hardware stack levels required when called:    1
  1130 ;; This function calls:
  1131 ;;		Nothing
  1132 ;; This function is called by:
  1133 ;;		_configuracion
  1134 ;; This function uses a non-reentrant model
  1135 ;;
  1136                           
  1137                           
  1138                           ;psect for function _Select_ch
  1139  0019                     _Select_ch:
  1140                           
  1141                           ;incstack = 0
  1142                           ; Regs used in _Select_ch: [wreg-fsr0h+status,2+status,0]
  1143                           ;Select_ch@channel stored from wreg
  1144  0019  00FA               	movwf	Select_ch@channel
  1145  001A                     l750:
  1146                           
  1147                           ;ADC_LIB.c: 100:     switch (channel) {
  1148  001A  288B               	goto	l754
  1149  001B                     l105:	
  1150                           ;ADC_LIB.c: 101:         case 0:
  1151                           
  1152                           
  1153                           ;ADC_LIB.c: 102:             ADCON0bits.CHS0 = 0;
  1154  001B  1283               	bcf	3,5	;RP0=0, select bank0
  1155  001C  1303               	bcf	3,6	;RP1=0, select bank0
  1156  001D  111F               	bcf	31,2	;volatile
  1157                           
  1158                           ;ADC_LIB.c: 103:             ADCON0bits.CHS1 = 0;
  1159  001E  119F               	bcf	31,3	;volatile
  1160                           
  1161                           ;ADC_LIB.c: 104:             ADCON0bits.CHS2 = 0;
  1162  001F  121F               	bcf	31,4	;volatile
  1163                           
  1164                           ;ADC_LIB.c: 105:             ADCON0bits.CHS3 = 0;
  1165  0020  129F               	bcf	31,5	;volatile
  1166                           
  1167                           ;ADC_LIB.c: 106:             break;
  1168  0021  28C5               	goto	l106
  1169  0022                     l107:	
  1170                           ;ADC_LIB.c: 107:         case 1:
  1171                           
  1172                           
  1173                           ;ADC_LIB.c: 108:             ADCON0bits.CHS0 = 1;
  1174  0022  1283               	bcf	3,5	;RP0=0, select bank0
  1175  0023  1303               	bcf	3,6	;RP1=0, select bank0
  1176  0024  151F               	bsf	31,2	;volatile
  1177                           
  1178                           ;ADC_LIB.c: 109:             ADCON0bits.CHS1 = 0;
  1179  0025  119F               	bcf	31,3	;volatile
  1180                           
  1181                           ;ADC_LIB.c: 110:             ADCON0bits.CHS2 = 0;
  1182  0026  121F               	bcf	31,4	;volatile
  1183                           
  1184                           ;ADC_LIB.c: 111:             ADCON0bits.CHS3 = 0;
  1185  0027  129F               	bcf	31,5	;volatile
  1186                           
  1187                           ;ADC_LIB.c: 112:             break;
  1188  0028  28C5               	goto	l106
  1189  0029                     l108:	
  1190                           ;ADC_LIB.c: 113:         case 2:
  1191                           
  1192                           
  1193                           ;ADC_LIB.c: 114:             ADCON0bits.CHS0 = 0;
  1194  0029  1283               	bcf	3,5	;RP0=0, select bank0
  1195  002A  1303               	bcf	3,6	;RP1=0, select bank0
  1196  002B  111F               	bcf	31,2	;volatile
  1197                           
  1198                           ;ADC_LIB.c: 115:             ADCON0bits.CHS1 = 1;
  1199  002C  159F               	bsf	31,3	;volatile
  1200                           
  1201                           ;ADC_LIB.c: 116:             ADCON0bits.CHS2 = 0;
  1202  002D  121F               	bcf	31,4	;volatile
  1203                           
  1204                           ;ADC_LIB.c: 117:             ADCON0bits.CHS3 = 0;
  1205  002E  129F               	bcf	31,5	;volatile
  1206                           
  1207                           ;ADC_LIB.c: 118:             break;
  1208  002F  28C5               	goto	l106
  1209  0030                     l109:	
  1210                           ;ADC_LIB.c: 119:         case 3:
  1211                           
  1212                           
  1213                           ;ADC_LIB.c: 120:             ADCON0bits.CHS0 = 1;
  1214  0030  1283               	bcf	3,5	;RP0=0, select bank0
  1215  0031  1303               	bcf	3,6	;RP1=0, select bank0
  1216  0032  151F               	bsf	31,2	;volatile
  1217                           
  1218                           ;ADC_LIB.c: 121:             ADCON0bits.CHS1 = 1;
  1219  0033  159F               	bsf	31,3	;volatile
  1220                           
  1221                           ;ADC_LIB.c: 122:             ADCON0bits.CHS2 = 0;
  1222  0034  121F               	bcf	31,4	;volatile
  1223                           
  1224                           ;ADC_LIB.c: 123:             ADCON0bits.CHS3 = 0;
  1225  0035  129F               	bcf	31,5	;volatile
  1226                           
  1227                           ;ADC_LIB.c: 124:             break;
  1228  0036  28C5               	goto	l106
  1229  0037                     l110:	
  1230                           ;ADC_LIB.c: 125:         case 4:
  1231                           
  1232                           
  1233                           ;ADC_LIB.c: 126:             ADCON0bits.CHS0 = 0;
  1234  0037  1283               	bcf	3,5	;RP0=0, select bank0
  1235  0038  1303               	bcf	3,6	;RP1=0, select bank0
  1236  0039  111F               	bcf	31,2	;volatile
  1237                           
  1238                           ;ADC_LIB.c: 127:             ADCON0bits.CHS1 = 0;
  1239  003A  119F               	bcf	31,3	;volatile
  1240                           
  1241                           ;ADC_LIB.c: 128:             ADCON0bits.CHS2 = 1;
  1242  003B  161F               	bsf	31,4	;volatile
  1243                           
  1244                           ;ADC_LIB.c: 129:             ADCON0bits.CHS3 = 0;
  1245  003C  129F               	bcf	31,5	;volatile
  1246                           
  1247                           ;ADC_LIB.c: 130:             break;
  1248  003D  28C5               	goto	l106
  1249  003E                     l111:	
  1250                           ;ADC_LIB.c: 131:         case 5:
  1251                           
  1252                           
  1253                           ;ADC_LIB.c: 132:             ADCON0bits.CHS0 = 1;
  1254  003E  1283               	bcf	3,5	;RP0=0, select bank0
  1255  003F  1303               	bcf	3,6	;RP1=0, select bank0
  1256  0040  151F               	bsf	31,2	;volatile
  1257                           
  1258                           ;ADC_LIB.c: 133:             ADCON0bits.CHS1 = 0;
  1259  0041  119F               	bcf	31,3	;volatile
  1260                           
  1261                           ;ADC_LIB.c: 134:             ADCON0bits.CHS2 = 1;
  1262  0042  161F               	bsf	31,4	;volatile
  1263                           
  1264                           ;ADC_LIB.c: 135:             ADCON0bits.CHS3 = 0;
  1265  0043  129F               	bcf	31,5	;volatile
  1266                           
  1267                           ;ADC_LIB.c: 136:             break;
  1268  0044  28C5               	goto	l106
  1269  0045                     l112:	
  1270                           ;ADC_LIB.c: 137:         case 6:
  1271                           
  1272                           
  1273                           ;ADC_LIB.c: 138:             ADCON0bits.CHS0 = 0;
  1274  0045  1283               	bcf	3,5	;RP0=0, select bank0
  1275  0046  1303               	bcf	3,6	;RP1=0, select bank0
  1276  0047  111F               	bcf	31,2	;volatile
  1277                           
  1278                           ;ADC_LIB.c: 139:             ADCON0bits.CHS1 = 1;
  1279  0048  159F               	bsf	31,3	;volatile
  1280                           
  1281                           ;ADC_LIB.c: 140:             ADCON0bits.CHS2 = 1;
  1282  0049  161F               	bsf	31,4	;volatile
  1283                           
  1284                           ;ADC_LIB.c: 141:             ADCON0bits.CHS3 = 0;
  1285  004A  129F               	bcf	31,5	;volatile
  1286                           
  1287                           ;ADC_LIB.c: 142:             break;
  1288  004B  28C5               	goto	l106
  1289  004C                     l113:	
  1290                           ;ADC_LIB.c: 143:         case 7:
  1291                           
  1292                           
  1293                           ;ADC_LIB.c: 144:             ADCON0bits.CHS0 = 1;
  1294  004C  1283               	bcf	3,5	;RP0=0, select bank0
  1295  004D  1303               	bcf	3,6	;RP1=0, select bank0
  1296  004E  151F               	bsf	31,2	;volatile
  1297                           
  1298                           ;ADC_LIB.c: 145:             ADCON0bits.CHS1 = 1;
  1299  004F  159F               	bsf	31,3	;volatile
  1300                           
  1301                           ;ADC_LIB.c: 146:             ADCON0bits.CHS2 = 1;
  1302  0050  161F               	bsf	31,4	;volatile
  1303                           
  1304                           ;ADC_LIB.c: 147:             ADCON0bits.CHS3 = 0;
  1305  0051  129F               	bcf	31,5	;volatile
  1306                           
  1307                           ;ADC_LIB.c: 148:             break;
  1308  0052  28C5               	goto	l106
  1309  0053                     l114:	
  1310                           ;ADC_LIB.c: 149:         case 8:
  1311                           
  1312                           
  1313                           ;ADC_LIB.c: 150:             ADCON0bits.CHS0 = 0;
  1314  0053  1283               	bcf	3,5	;RP0=0, select bank0
  1315  0054  1303               	bcf	3,6	;RP1=0, select bank0
  1316  0055  111F               	bcf	31,2	;volatile
  1317                           
  1318                           ;ADC_LIB.c: 151:             ADCON0bits.CHS1 = 0;
  1319  0056  119F               	bcf	31,3	;volatile
  1320                           
  1321                           ;ADC_LIB.c: 152:             ADCON0bits.CHS2 = 0;
  1322  0057  121F               	bcf	31,4	;volatile
  1323                           
  1324                           ;ADC_LIB.c: 153:             ADCON0bits.CHS3 = 1;
  1325  0058  169F               	bsf	31,5	;volatile
  1326                           
  1327                           ;ADC_LIB.c: 154:             break;
  1328  0059  28C5               	goto	l106
  1329  005A                     l115:	
  1330                           ;ADC_LIB.c: 155:         case 9:
  1331                           
  1332                           
  1333                           ;ADC_LIB.c: 156:             ADCON0bits.CHS0 = 1;
  1334  005A  1283               	bcf	3,5	;RP0=0, select bank0
  1335  005B  1303               	bcf	3,6	;RP1=0, select bank0
  1336  005C  151F               	bsf	31,2	;volatile
  1337                           
  1338                           ;ADC_LIB.c: 157:             ADCON0bits.CHS1 = 0;
  1339  005D  119F               	bcf	31,3	;volatile
  1340                           
  1341                           ;ADC_LIB.c: 158:             ADCON0bits.CHS2 = 0;
  1342  005E  121F               	bcf	31,4	;volatile
  1343                           
  1344                           ;ADC_LIB.c: 159:             ADCON0bits.CHS3 = 1;
  1345  005F  169F               	bsf	31,5	;volatile
  1346                           
  1347                           ;ADC_LIB.c: 160:             break;
  1348  0060  28C5               	goto	l106
  1349  0061                     l116:	
  1350                           ;ADC_LIB.c: 161:         case 10:
  1351                           
  1352                           
  1353                           ;ADC_LIB.c: 162:             ADCON0bits.CHS0 = 0;
  1354  0061  1283               	bcf	3,5	;RP0=0, select bank0
  1355  0062  1303               	bcf	3,6	;RP1=0, select bank0
  1356  0063  111F               	bcf	31,2	;volatile
  1357                           
  1358                           ;ADC_LIB.c: 163:             ADCON0bits.CHS1 = 1;
  1359  0064  159F               	bsf	31,3	;volatile
  1360                           
  1361                           ;ADC_LIB.c: 164:             ADCON0bits.CHS2 = 0;
  1362  0065  121F               	bcf	31,4	;volatile
  1363                           
  1364                           ;ADC_LIB.c: 165:             ADCON0bits.CHS3 = 1;
  1365  0066  169F               	bsf	31,5	;volatile
  1366                           
  1367                           ;ADC_LIB.c: 166:             break;
  1368  0067  28C5               	goto	l106
  1369  0068                     l117:	
  1370                           ;ADC_LIB.c: 167:         case 11:
  1371                           
  1372                           
  1373                           ;ADC_LIB.c: 168:             ADCON0bits.CHS0 = 1;
  1374  0068  1283               	bcf	3,5	;RP0=0, select bank0
  1375  0069  1303               	bcf	3,6	;RP1=0, select bank0
  1376  006A  151F               	bsf	31,2	;volatile
  1377                           
  1378                           ;ADC_LIB.c: 169:             ADCON0bits.CHS1 = 1;
  1379  006B  159F               	bsf	31,3	;volatile
  1380                           
  1381                           ;ADC_LIB.c: 170:             ADCON0bits.CHS2 = 0;
  1382  006C  121F               	bcf	31,4	;volatile
  1383                           
  1384                           ;ADC_LIB.c: 171:             ADCON0bits.CHS3 = 1;
  1385  006D  169F               	bsf	31,5	;volatile
  1386                           
  1387                           ;ADC_LIB.c: 172:             break;
  1388  006E  28C5               	goto	l106
  1389  006F                     l118:	
  1390                           ;ADC_LIB.c: 173:         case 12:
  1391                           
  1392                           
  1393                           ;ADC_LIB.c: 174:             ADCON0bits.CHS0 = 0;
  1394  006F  1283               	bcf	3,5	;RP0=0, select bank0
  1395  0070  1303               	bcf	3,6	;RP1=0, select bank0
  1396  0071  111F               	bcf	31,2	;volatile
  1397                           
  1398                           ;ADC_LIB.c: 175:             ADCON0bits.CHS1 = 0;
  1399  0072  119F               	bcf	31,3	;volatile
  1400                           
  1401                           ;ADC_LIB.c: 176:             ADCON0bits.CHS2 = 1;
  1402  0073  161F               	bsf	31,4	;volatile
  1403                           
  1404                           ;ADC_LIB.c: 177:             ADCON0bits.CHS3 = 1;
  1405  0074  169F               	bsf	31,5	;volatile
  1406                           
  1407                           ;ADC_LIB.c: 178:             break;
  1408  0075  28C5               	goto	l106
  1409  0076                     l119:	
  1410                           ;ADC_LIB.c: 179:         case 13:
  1411                           
  1412                           
  1413                           ;ADC_LIB.c: 180:             ADCON0bits.CHS0 = 1;
  1414  0076  1283               	bcf	3,5	;RP0=0, select bank0
  1415  0077  1303               	bcf	3,6	;RP1=0, select bank0
  1416  0078  151F               	bsf	31,2	;volatile
  1417                           
  1418                           ;ADC_LIB.c: 181:             ADCON0bits.CHS1 = 0;
  1419  0079  119F               	bcf	31,3	;volatile
  1420                           
  1421                           ;ADC_LIB.c: 182:             ADCON0bits.CHS2 = 1;
  1422  007A  161F               	bsf	31,4	;volatile
  1423                           
  1424                           ;ADC_LIB.c: 183:             ADCON0bits.CHS3 = 1;
  1425  007B  169F               	bsf	31,5	;volatile
  1426                           
  1427                           ;ADC_LIB.c: 184:             break;
  1428  007C  28C5               	goto	l106
  1429  007D                     l120:	
  1430                           ;ADC_LIB.c: 185:         case 14:
  1431                           
  1432                           
  1433                           ;ADC_LIB.c: 186:             ADCON0bits.CHS0 = 0;
  1434  007D  1283               	bcf	3,5	;RP0=0, select bank0
  1435  007E  1303               	bcf	3,6	;RP1=0, select bank0
  1436  007F  111F               	bcf	31,2	;volatile
  1437                           
  1438                           ;ADC_LIB.c: 187:             ADCON0bits.CHS1 = 1;
  1439  0080  159F               	bsf	31,3	;volatile
  1440                           
  1441                           ;ADC_LIB.c: 188:             ADCON0bits.CHS2 = 1;
  1442  0081  161F               	bsf	31,4	;volatile
  1443                           
  1444                           ;ADC_LIB.c: 189:             ADCON0bits.CHS3 = 1;
  1445  0082  169F               	bsf	31,5	;volatile
  1446                           
  1447                           ;ADC_LIB.c: 190:             break;
  1448  0083  28C5               	goto	l106
  1449  0084                     l121:	
  1450                           ;ADC_LIB.c: 191:         case 15:
  1451                           
  1452                           
  1453                           ;ADC_LIB.c: 192:             ADCON0bits.CHS0 = 1;
  1454  0084  1283               	bcf	3,5	;RP0=0, select bank0
  1455  0085  1303               	bcf	3,6	;RP1=0, select bank0
  1456  0086  151F               	bsf	31,2	;volatile
  1457                           
  1458                           ;ADC_LIB.c: 193:             ADCON0bits.CHS1 = 1;
  1459  0087  159F               	bsf	31,3	;volatile
  1460                           
  1461                           ;ADC_LIB.c: 194:             ADCON0bits.CHS2 = 1;
  1462  0088  161F               	bsf	31,4	;volatile
  1463                           
  1464                           ;ADC_LIB.c: 195:             ADCON0bits.CHS3 = 1;
  1465  0089  169F               	bsf	31,5	;volatile
  1466                           
  1467                           ;ADC_LIB.c: 196:             break;
  1468  008A  28C5               	goto	l106
  1469  008B                     l754:
  1470  008B  087A               	movf	Select_ch@channel,w
  1471  008C  00F8               	movwf	??_Select_ch
  1472  008D  01F9               	clrf	??_Select_ch+1
  1473                           
  1474                           ; Switch on 2 bytes has been partitioned into a top level switch of size 1, and 1 sub-sw
      +                          itches
  1475                           ; Switch size 1, requested type "simple"
  1476                           ; Number of cases is 1, Range of values is 0 to 0
  1477                           ; switch strategies available:
  1478                           ; Name         Instructions Cycles
  1479                           ; simple_byte            4     3 (average)
  1480                           ; direct_byte           11     8 (fixed)
  1481                           ; jumptable            260     6 (fixed)
  1482                           ;	Chosen strategy is simple_byte
  1483  008E  0879               	movf	??_Select_ch+1,w
  1484  008F  3A00               	xorlw	0	; case 0
  1485  0090  1903               	skipnz
  1486  0091  2893               	goto	l1156
  1487  0092  28C5               	goto	l106
  1488  0093                     l1156:
  1489                           
  1490                           ; Switch size 1, requested type "simple"
  1491                           ; Number of cases is 16, Range of values is 0 to 15
  1492                           ; switch strategies available:
  1493                           ; Name         Instructions Cycles
  1494                           ; simple_byte           49    25 (average)
  1495                           ; direct_byte           56     8 (fixed)
  1496                           ; jumptable            260     6 (fixed)
  1497                           ;	Chosen strategy is simple_byte
  1498  0093  0878               	movf	??_Select_ch,w
  1499  0094  3A00               	xorlw	0	; case 0
  1500  0095  1903               	skipnz
  1501  0096  281B               	goto	l105
  1502  0097  3A01               	xorlw	1	; case 1
  1503  0098  1903               	skipnz
  1504  0099  2822               	goto	l107
  1505  009A  3A03               	xorlw	3	; case 2
  1506  009B  1903               	skipnz
  1507  009C  2829               	goto	l108
  1508  009D  3A01               	xorlw	1	; case 3
  1509  009E  1903               	skipnz
  1510  009F  2830               	goto	l109
  1511  00A0  3A07               	xorlw	7	; case 4
  1512  00A1  1903               	skipnz
  1513  00A2  2837               	goto	l110
  1514  00A3  3A01               	xorlw	1	; case 5
  1515  00A4  1903               	skipnz
  1516  00A5  283E               	goto	l111
  1517  00A6  3A03               	xorlw	3	; case 6
  1518  00A7  1903               	skipnz
  1519  00A8  2845               	goto	l112
  1520  00A9  3A01               	xorlw	1	; case 7
  1521  00AA  1903               	skipnz
  1522  00AB  284C               	goto	l113
  1523  00AC  3A0F               	xorlw	15	; case 8
  1524  00AD  1903               	skipnz
  1525  00AE  2853               	goto	l114
  1526  00AF  3A01               	xorlw	1	; case 9
  1527  00B0  1903               	skipnz
  1528  00B1  285A               	goto	l115
  1529  00B2  3A03               	xorlw	3	; case 10
  1530  00B3  1903               	skipnz
  1531  00B4  2861               	goto	l116
  1532  00B5  3A01               	xorlw	1	; case 11
  1533  00B6  1903               	skipnz
  1534  00B7  2868               	goto	l117
  1535  00B8  3A07               	xorlw	7	; case 12
  1536  00B9  1903               	skipnz
  1537  00BA  286F               	goto	l118
  1538  00BB  3A01               	xorlw	1	; case 13
  1539  00BC  1903               	skipnz
  1540  00BD  2876               	goto	l119
  1541  00BE  3A03               	xorlw	3	; case 14
  1542  00BF  1903               	skipnz
  1543  00C0  287D               	goto	l120
  1544  00C1  3A01               	xorlw	1	; case 15
  1545  00C2  1903               	skipnz
  1546  00C3  2884               	goto	l121
  1547  00C4  28C5               	goto	l106
  1548  00C5                     l106:
  1549                           
  1550                           ;ADC_LIB.c: 198:     ADCON0bits.GO = 1;
  1551  00C5  1283               	bcf	3,5	;RP0=0, select bank0
  1552  00C6  1303               	bcf	3,6	;RP1=0, select bank0
  1553  00C7  149F               	bsf	31,1	;volatile
  1554  00C8                     l122:
  1555  00C8  0008               	return
  1556  00C9                     __end_of_Select_ch:
  1557                           
  1558                           	psect	text5
  1559  01D6                     __ptext5:	
  1560 ;; *************** function _ISR *****************
  1561 ;; Defined at:
  1562 ;;		line 35 in file "lab_2.c"
  1563 ;; Parameters:    Size  Location     Type
  1564 ;;		None
  1565 ;; Auto vars:     Size  Location     Type
  1566 ;;		None
  1567 ;; Return value:  Size  Location     Type
  1568 ;;                  1    wreg      void 
  1569 ;; Registers used:
  1570 ;;		None
  1571 ;; Tracked objects:
  1572 ;;		On entry : 0/0
  1573 ;;		On exit  : 0/0
  1574 ;;		Unchanged: 0/0
  1575 ;; Data sizes:     COMMON   BANK0   BANK1   BANK3   BANK2
  1576 ;;      Params:         0       0       0       0       0
  1577 ;;      Locals:         0       0       0       0       0
  1578 ;;      Temps:          2       0       0       0       0
  1579 ;;      Totals:         2       0       0       0       0
  1580 ;;Total ram usage:        2 bytes
  1581 ;; Hardware stack levels used:    1
  1582 ;; This function calls:
  1583 ;;		Nothing
  1584 ;; This function is called by:
  1585 ;;		Interrupt level 1
  1586 ;; This function uses a non-reentrant model
  1587 ;;
  1588                           
  1589                           
  1590                           ;psect for function _ISR
  1591  01D6                     _ISR:
  1592  01D6                     i1l790:
  1593  01D6                     i1l44:	
  1594                           ;lab_2.c: 36:     PORTE = 0;
  1595                           
  1596  01D6  0877               	movf	??_ISR+1,w
  1597  01D7  008A               	movwf	10
  1598  01D8  0E76               	swapf	??_ISR,w
  1599  01D9  0083               	movwf	3
  1600  01DA  0EFE               	swapf	btemp,f
  1601  01DB  0E7E               	swapf	btemp,w
  1602  01DC  0009               	retfie
  1603  01DD                     __end_of_ISR:
  1604  007E                     btemp	set	126	;btemp
  1605  007E                     wtemp0	set	126
  1606                           
  1607                           	psect	intentry
  1608  0004                     __pintentry:	
  1609                           ;incstack = 0
  1610                           ; Regs used in _ISR: []
  1611                           
  1612  0004                     interrupt_function:
  1613  007E                     saved_w	set	btemp
  1614  0004  00FE               	movwf	btemp
  1615  0005  0E03               	swapf	3,w
  1616  0006  00F6               	movwf	??_ISR
  1617  0007  080A               	movf	10,w
  1618  0008  00F7               	movwf	??_ISR+1
  1619  0009  120A  118A  29D6   	ljmp	_ISR
  1620                           
  1621                           	psect	config
  1622                           
  1623                           ;Config register CONFIG1 @ 0x2007
  1624                           ;	Oscillator Selection bits
  1625                           ;	FOSC = INTRC_NOCLKOUT, INTOSCIO oscillator: I/O function on RA6/OSC2/CLKOUT pin, I/O f
      +                          unction on RA7/OSC1/CLKIN
  1626                           ;	Watchdog Timer Enable bit
  1627                           ;	WDTE = OFF, WDT disabled and can be enabled by SWDTEN bit of the WDTCON register
  1628                           ;	Power-up Timer Enable bit
  1629                           ;	PWRTE = OFF, PWRT disabled
  1630                           ;	RE3/MCLR pin function select bit
  1631                           ;	MCLRE = OFF, RE3/MCLR pin function is digital input, MCLR internally tied to VDD
  1632                           ;	Code Protection bit
  1633                           ;	CP = OFF, Program memory code protection is disabled
  1634                           ;	Data Code Protection bit
  1635                           ;	CPD = OFF, Data memory code protection is disabled
  1636                           ;	Brown Out Reset Selection bits
  1637                           ;	BOREN = OFF, BOR disabled
  1638                           ;	Internal External Switchover bit
  1639                           ;	IESO = OFF, Internal/External Switchover mode is disabled
  1640                           ;	Fail-Safe Clock Monitor Enabled bit
  1641                           ;	FCMEN = OFF, Fail-Safe Clock Monitor is disabled
  1642                           ;	Low Voltage Programming Enable bit
  1643                           ;	LVP = OFF, RB3 pin has digital I/O, HV on MCLR must be used for programming
  1644                           ;	In-Circuit Debugger Mode bit
  1645                           ;	DEBUG = 0x1, unprogrammed default
  1646  2007                     	org	8199
  1647  2007  20D4               	dw	8404
  1648                           
  1649                           ;Config register CONFIG2 @ 0x2008
  1650                           ;	Brown-out Reset Selection bit
  1651                           ;	BOR4V = BOR40V, Brown-out Reset set to 4.0V
  1652                           ;	Flash Program Memory Self Write Enable bits
  1653                           ;	WRT = OFF, Write protection off
  1654  2008                     	org	8200
  1655  2008  3FFF               	dw	16383

Data Sizes:
    Strings     0
    Constant    0
    Data        0
    BSS         6
    Persistent  0
    Stack       0

Auto Spaces:
    Space          Size  Autos    Used
    COMMON           14      6      12
    BANK0            80      2       2
    BANK1            80      0       0
    BANK3            96      0       0
    BANK2            96      0       0

Pointer List with Targets:

    None.

Critical Paths under _main in COMMON

    _configuracion->_start_adc

Critical Paths under _ISR in COMMON

    None.

Critical Paths under _main in BANK0

    _configuracion->_start_adc

Critical Paths under _ISR in BANK0

    None.

Critical Paths under _main in BANK1

    None.

Critical Paths under _ISR in BANK1

    None.

Critical Paths under _main in BANK3

    None.

Critical Paths under _ISR in BANK3

    None.

Critical Paths under _main in BANK2

    None.

Critical Paths under _ISR in BANK2

    None.

Call Graph Tables:

 ---------------------------------------------------------------------------------
 (Depth) Function   	        Calls       Base Space   Used Autos Params    Refs
 ---------------------------------------------------------------------------------
 (0) _main                                                 0     0      0     424
                      _configuracion
 ---------------------------------------------------------------------------------
 (1) _configuracion                                        0     0      0     424
                          _Select_ch
                          _start_adc
                           _start_ch
 ---------------------------------------------------------------------------------
 (2) _start_ch                                             3     3      0      15
                                              2 COMMON     3     3      0
 ---------------------------------------------------------------------------------
 (2) _start_adc                                            6     3      3     394
                                              2 COMMON     4     1      3
                                              0 BANK0      2     2      0
 ---------------------------------------------------------------------------------
 (2) _Select_ch                                            3     3      0      15
                                              2 COMMON     3     3      0
 ---------------------------------------------------------------------------------
 Estimated maximum stack depth 2
 ---------------------------------------------------------------------------------
 (Depth) Function   	        Calls       Base Space   Used Autos Params    Refs
 ---------------------------------------------------------------------------------
 (3) _ISR                                                  2     2      0       0
                                              0 COMMON     2     2      0
 ---------------------------------------------------------------------------------
 Estimated maximum stack depth 3
 ---------------------------------------------------------------------------------

 Call Graph Graphs:

 _main (ROOT)
   _configuracion
     _Select_ch
     _start_adc
     _start_ch

 _ISR (ROOT)

 Address spaces:
Name               Size   Autos  Total    Cost      Usage
BITCOMMON            E      0       0       0        0.0%
EEDATA             100      0       0       0        0.0%
NULL                 0      0       0       0        0.0%
CODE                 0      0       0       0        0.0%
COMMON               E      6       C       1       85.7%
BITSFR0              0      0       0       1        0.0%
SFR0                 0      0       0       1        0.0%
BITSFR1              0      0       0       2        0.0%
SFR1                 0      0       0       2        0.0%
STACK                0      0       0       2        0.0%
ABS                  0      0       E       3        0.0%
BITBANK0            50      0       0       4        0.0%
BITSFR3              0      0       0       4        0.0%
SFR3                 0      0       0       4        0.0%
BANK0               50      2       2       5        2.5%
BITSFR2              0      0       0       5        0.0%
SFR2                 0      0       0       5        0.0%
BITBANK1            50      0       0       6        0.0%
BANK1               50      0       0       7        0.0%
BITBANK3            60      0       0       8        0.0%
BANK3               60      0       0       9        0.0%
BITBANK2            60      0       0      10        0.0%
BANK2               60      0       0      11        0.0%
DATA                 0      0       E      12        0.0%


Microchip Technology PIC Macro Assembler V2.31 build 20201012212115 
Symbol Table                                                                                   Wed Feb 03 20:03:05 2021

                     _J1 0072                       _J2 0070                       l52 01CD  
                     l70 0140                       l71 0143                       l80 0181  
                     l72 0146                       l81 0186                       l49 01D3  
                     l82 01A3                       l74 0173                       l90 00D7  
                     l91 00DB                       l68 013D                       l92 00DF  
                     l77 0177                       l93 00E3                       l94 00E7  
                     l86 00CB                       l79 017C                       l95 00EB  
                     l96 00EF                       l88 00CF                       l97 00F3  
                     l89 00D3                       l98 00F7                       l99 00FB  
                     u50 0164                       u51 0163                       u60 016F  
                     u61 016E           ?_configuracion 0076                      l100 00FF  
                    l101 0137                      l110 0037                      l111 003E  
                    l120 007D                      l112 0045                      l121 0084  
                    l113 004C                      l105 001B                      l122 00C8  
                    l114 0053                      l106 00C5                      l115 005A  
                    l107 0022                      l116 0061                      l108 0029  
                    l117 0068                      l109 0030                      l118 006F  
                    l119 0076                      l740 00CA                      l750 001A  
                    l744 0103                      l754 008B                      _ISR 01D6  
                   ?_ISR 0076                     l1020 0164                     l1012 0139  
                   l1022 016A                     l1024 016F                     l1016 0149  
                   l1040 01A8                     l1018 015F                     l1050 01C2  
                   l1042 01B2                     l1028 018B                     l1060 01C7  
                   l1052 01C3                     l1044 01B8                     l1150 010B  
                   l1062 01CA                     l1054 01C4                     l1046 01BE  
                   l1038 01A4                     l1152 0151                     l1064 01CB  
                   l1056 01C5                     l1048 01C1                     l1154 0195  
                   l1066 01CC                     l1058 01C6                     l1156 0093  
                   l1068 01CE                     _ADIF 0066                     i1l44 01D6  
                   _main 01CE                     btemp 007E                     start 000C  
                  ??_ISR 0076                    ?_main 0076                    _ANSEL 0188  
                  i1l790 01D6                    _PORTA 0005                    _PORTC 0007  
                  _PORTD 0008                    _PORTE 0009                    _TRISA 0085  
                  _TRISC 0087                    _TRISD 0088                    _TRISE 0089  
                  _start 0074                    pclath 000A                    status 0003  
                  wtemp0 007E          __initialization 000F             __end_of_main 01D6  
        ??_configuracion 007C                   ??_main 007C                   _ANSELH 0189  
     __size_of_Select_ch 00B0             start_adc@isr 0078                   saved_w 007E  
       __end_of_start_ch 0138  __end_of__initialization 0015           __pcstackCOMMON 0076  
      __end_of_Select_ch 00C9               __pmaintext 01CE               __pintentry 0004  
     __size_of_start_adc 006C                ?_start_ch 0076                _ANSELbits 0188  
                __ptext1 01A4                  __ptext2 00C9                  __ptext3 0138  
                __ptext4 0019                  __ptext5 01D6             __size_of_ISR 0007  
       Select_ch@channel 007A            start_adc@Vref 0079            start_adc@frec 007B  
   end_of_initialization 0015        __end_of_start_adc 01A4               ??_start_ch 0078  
  __end_of_configuracion 01CE                _TRISBbits 0086      start_initialization 000F  
            __end_of_ISR 01DD                _Select_ch 0019              __pbssCOMMON 0070  
              ___latbits 0002            __pcstackBANK0 0020               ?_Select_ch 0076  
      __size_of_start_ch 006F        interrupt_function 0004                 _PIE1bits 008C  
        start_ch@channel 007A                 _PIR1bits 000C          start_adc@justRL 007A  
             _ADCON0bits 001F               _ADCON1bits 009F                _start_adc 0138  
            ??_Select_ch 0078               ?_start_adc 0078               _ANSELHbits 0189  
 __size_of_configuracion 002A            __size_of_main 0008                 _start_ch 00C9  
               intlevel1 0000            _configuracion 01A4              ??_start_adc 0020  
